<?xml version="1.0" encoding="UTF-8"?>
<!-- Generated by org.testng.reporters.JUnitReportReporter -->
<testsuite skipped="0" hostname="KudzeDev" name="com.TheInternet.www.tests.InputNumber" tests="1" failures="0" timestamp="2020-11-10T10:08:14 EST" time="0.795" errors="0">
  <testcase name="inputNumber" time="0.795" classname="com.TheInternet.www.tests.InputNumber"/>
  <system-out/>
</testsuite> <!-- com.TheInternet.www.tests.InputNumber -->
