<?xml version="1.0" encoding="UTF-8"?>
<!-- Generated by org.testng.reporters.JUnitReportReporter -->
<testsuite skipped="0" hostname="KudzeDev" name="com.TheInternet.www.tests.AlertLogin" tests="1" failures="0" timestamp="2020-11-09T14:56:38 EST" time="0.747" errors="0">
  <testcase name="checkbox" time="0.747" classname="com.TheInternet.www.tests.AlertLogin"/>
  <system-out/>
</testsuite> <!-- com.TheInternet.www.tests.AlertLogin -->
