<?xml version="1.0" encoding="UTF-8"?>
<!-- Generated by org.testng.reporters.JUnitReportReporter -->
<testsuite skipped="0" hostname="KudzeDev" name="com.TheInternet.www.tests.IndexPageTitle" tests="1" failures="0" timestamp="2020-11-10T10:08:14 EST" time="0.934" errors="0">
  <testcase name="title" time="0.934" classname="com.TheInternet.www.tests.IndexPageTitle"/>
  <system-out/>
</testsuite> <!-- com.TheInternet.www.tests.IndexPageTitle -->
