<?xml version="1.0" encoding="UTF-8"?>
<!-- Generated by org.testng.reporters.JUnitReportReporter -->
<testsuite skipped="0" hostname="KudzeDev" name="com.TheInternet.www.tests.AddRemove" tests="2" failures="0" timestamp="2020-11-09T15:45:34 EST" time="2.696" errors="0">
  <testcase name="addElements" time="1.110" classname="com.TheInternet.www.tests.AddRemove"/>
  <system-out/>
  <testcase name="addremoveElements" time="1.586" classname="com.TheInternet.www.tests.AddRemove"/>
  <system-out/>
</testsuite> <!-- com.TheInternet.www.tests.AddRemove -->
