<?xml version="1.0" encoding="UTF-8"?>
<!-- Generated by org.testng.reporters.JUnitReportReporter -->
<testsuite skipped="0" hostname="KudzeDev" name="com.TheInternet.www.tests.ContexMenu" tests="1" failures="0" timestamp="2020-11-09T15:45:34 EST" time="1.908" errors="0">
  <testcase name="checkbox" time="1.908" classname="com.TheInternet.www.tests.ContexMenu"/>
  <system-out/>
</testsuite> <!-- com.TheInternet.www.tests.ContexMenu -->
