<?xml version="1.0" encoding="UTF-8"?>
<!-- Generated by org.testng.reporters.JUnitReportReporter -->
<testsuite skipped="0" hostname="KudzeDev" name="com.TheInternet.www.tests.AddRemove" tests="2" failures="0" timestamp="2020-11-09T20:53:25 EST" time="2.791" errors="0">
  <testcase name="addElements" time="1.071" classname="com.TheInternet.www.tests.AddRemove"/>
  <system-out/>
  <testcase name="addremoveElements" time="1.720" classname="com.TheInternet.www.tests.AddRemove"/>
  <system-out/>
</testsuite> <!-- com.TheInternet.www.tests.AddRemove -->
