<?xml version="1.0" encoding="UTF-8"?>
<!-- Generated by org.testng.reporters.JUnitReportReporter -->
<testsuite skipped="0" hostname="KudzeDev" name="com.TheInternet.www.tests.AddRemove" tests="2" failures="0" timestamp="2020-11-10T10:08:14 EST" time="2.771" errors="0">
  <testcase name="addElements" time="1.547" classname="com.TheInternet.www.tests.AddRemove"/>
  <system-out/>
  <testcase name="addremoveElements" time="1.224" classname="com.TheInternet.www.tests.AddRemove"/>
  <system-out/>
</testsuite> <!-- com.TheInternet.www.tests.AddRemove -->
