<?xml version="1.0" encoding="UTF-8"?>
<!-- Generated by org.testng.reporters.JUnitReportReporter -->
<testsuite skipped="0" hostname="KudzeDev" name="com.TheInternet.www.TheInternet" tests="1" failures="0" timestamp="2020-11-05T20:18:33 EST" time="1.551" errors="0">
  <testcase name="removeElements" time="1.551" classname="com.TheInternet.www.TheInternet"/>
  <system-out/>
</testsuite> <!-- com.TheInternet.www.TheInternet -->
