<?xml version="1.0" encoding="UTF-8"?>
<!-- Generated by org.testng.reporters.JUnitReportReporter -->
<testsuite skipped="0" hostname="KudzeDev" name="com.TheInternet.www.tests.EntryAdd" tests="1" failures="0" timestamp="2020-11-09T18:15:52 EST" time="5.667" errors="0">
  <testcase name="home" time="5.667" classname="com.TheInternet.www.tests.EntryAdd"/>
  <system-out/>
</testsuite> <!-- com.TheInternet.www.tests.EntryAdd -->
