<?xml version="1.0" encoding="UTF-8"?>
<!-- Generated by org.testng.reporters.JUnitReportReporter -->
<testsuite skipped="0" hostname="KudzeDev" name="com.TheInternet.www.tests.BasicAuth" tests="1" failures="0" timestamp="2020-11-10T11:56:11 EST" time="1.056" errors="0">
  <testcase name="auth" time="1.056" classname="com.TheInternet.www.tests.BasicAuth"/>
  <system-out/>
</testsuite> <!-- com.TheInternet.www.tests.BasicAuth -->
