<?xml version="1.0" encoding="UTF-8"?>
<!-- Generated by org.testng.reporters.JUnitReportReporter -->
<testsuite skipped="0" hostname="KudzeDev" name="com.TheInternet.www.tests.DisappearingElements" tests="1" failures="0" timestamp="2020-11-09T10:57:29 EST" time="2.906" errors="0">
  <testcase name="home" time="2.906" classname="com.TheInternet.www.tests.DisappearingElements"/>
  <system-out/>
</testsuite> <!-- com.TheInternet.www.tests.DisappearingElements -->
