<?xml version="1.0" encoding="UTF-8"?>
<!-- Generated by org.testng.reporters.JUnitReportReporter -->
<testsuite skipped="0" hostname="KudzeDev" name="com.TheInternet.www.tests.Checkboxes" tests="1" failures="0" timestamp="2020-11-10T11:56:11 EST" time="1.241" errors="0">
  <testcase name="checkbox" time="1.241" classname="com.TheInternet.www.tests.Checkboxes"/>
  <system-out/>
</testsuite> <!-- com.TheInternet.www.tests.Checkboxes -->
