<?xml version="1.0" encoding="UTF-8"?>
<!-- Generated by org.testng.reporters.JUnitReportReporter -->
<testsuite skipped="0" hostname="KudzeDev" name="com.my_shopper.www.TestManager" tests="1" failures="0" timestamp="2020-11-03T10:50:54 EST" time="0.008" errors="0">
  <testcase name="f" time="0.008" classname="com.my_shopper.www.TestManager"/>
  <system-out/>
</testsuite> <!-- com.my_shopper.www.TestManager -->
