<?xml version="1.0" encoding="UTF-8"?>
<!-- Generated by org.testng.reporters.JUnitReportReporter -->
<testsuite skipped="0" hostname="KudzeDev" name="com.TheInternet.www.tests.DisappearingElements" tests="1" failures="0" timestamp="2020-11-10T11:30:57 EST" time="6.982" errors="0">
  <testcase name="portfolio" time="6.982" classname="com.TheInternet.www.tests.DisappearingElements"/>
  <system-out/>
</testsuite> <!-- com.TheInternet.www.tests.DisappearingElements -->
