<?xml version="1.0" encoding="UTF-8"?>
<!-- Generated by org.testng.reporters.JUnitReportReporter -->
<testsuite hostname="KudzeDev" failures="0" tests="1" name="Lab1TestNg" time="0.006" errors="0" timestamp="2020-10-28T10:35:17 EDT" skipped="0">
  <testcase classname="Lab1TestNg" name="firstTest" time="0.006"/>
  <system-out/>
</testsuite> <!-- Lab1TestNg -->
