<?xml version="1.0" encoding="UTF-8"?>
<!-- Generated by org.testng.reporters.JUnitReportReporter -->
<testsuite skipped="0" hostname="KudzeDev" name="com.my_shopper.www.GoogleAuth" tests="1" failures="0" timestamp="2020-11-03T11:18:17 EST" time="5.535" errors="0">
  <testcase name="f" time="5.535" classname="com.my_shopper.www.GoogleAuth"/>
  <system-out/>
</testsuite> <!-- com.my_shopper.www.GoogleAuth -->
