<?xml version="1.0" encoding="UTF-8"?>
<!-- Generated by org.testng.reporters.JUnitReportReporter -->
<testsuite skipped="0" hostname="KudzeDev" name="com.TheInternet.www.tests.Tables" tests="1" failures="0" timestamp="2020-11-09T20:53:25 EST" time="1.433" errors="0">
  <testcase name="inputNumber" time="1.433" classname="com.TheInternet.www.tests.Tables"/>
  <system-out/>
</testsuite> <!-- com.TheInternet.www.tests.Tables -->
