<?xml version="1.0" encoding="UTF-8"?>
<!-- Generated by org.testng.reporters.JUnitReportReporter -->
<testsuite skipped="0" hostname="KudzeDev" name="com.TheInternet.www.tests.ExitIntent" tests="1" failures="0" timestamp="2020-11-10T11:31:27 EST" time="5.058" errors="0">
  <testcase name="moveMouseOut" time="5.058" classname="com.TheInternet.www.tests.ExitIntent"/>
  <system-out/>
</testsuite> <!-- com.TheInternet.www.tests.ExitIntent -->
