<?xml version="1.0" encoding="UTF-8"?>
<!-- Generated by org.testng.reporters.JUnitReportReporter -->
<testsuite skipped="0" hostname="KudzeDev" name="com.TheInternet.www.tests.DropDown" tests="1" failures="0" timestamp="2020-11-10T11:30:57 EST" time="0.992" errors="0">
  <testcase name="dropdown" time="0.992" classname="com.TheInternet.www.tests.DropDown"/>
  <system-out/>
</testsuite> <!-- com.TheInternet.www.tests.DropDown -->
